Target Part: A3P1000_PQFP208_STD
Report for cell buf.architecture_buf
  Core Cell usage:
              cell count     area count*area
              AND2     7      1.0        7.0
              AND3    24      1.0       24.0
               AO1    64      1.0       64.0
              AO1A    37      1.0       37.0
              AO1B     2      1.0        2.0
              AO1D    32      1.0       32.0
              AOI1     7      1.0        7.0
               AX1     1      1.0        1.0
              AX1C    16      1.0       16.0
            CLKINT     2      0.0        0.0
               GND     3      0.0        0.0
               INV     2      1.0        2.0
               MX2    66      1.0       66.0
              MX2B     4      1.0        4.0
              MX2C     8      1.0        8.0
              NOR2    83      1.0       83.0
             NOR2A   192      1.0      192.0
             NOR2B   223      1.0      223.0
              NOR3    49      1.0       49.0
             NOR3A    66      1.0       66.0
             NOR3B    65      1.0       65.0
             NOR3C   135      1.0      135.0
               OA1     8      1.0        8.0
              OA1A     6      1.0        6.0
              OA1B    14      1.0       14.0
              OA1C    35      1.0       35.0
              OAI1     3      1.0        3.0
               OR2    26      1.0       26.0
              OR2A     7      1.0        7.0
              OR2B     5      1.0        5.0
               OR3    73      1.0       73.0
              OR3A    11      1.0       11.0
              OR3B     3      1.0        3.0
               VCC     3      0.0        0.0
               XA1     2      1.0        2.0
              XA1A     4      1.0        4.0
              XA1B    57      1.0       57.0
             XNOR2    13      1.0       13.0
               XO1    10      1.0       10.0
              XOR2    65      1.0       65.0


            DFN1C0    45      1.0       45.0
          DFN1E0C0   213      1.0      213.0
          DFN1E0P0     2      1.0        2.0
          DFN1E1C0    53      1.0       53.0
            DFN1P0     2      1.0        2.0
                   -----          ----------
             TOTAL  1748              1740.0


  IO Cell usage:
              cell count
            CLKBUF     2
             INBUF     1
            OUTBUF     1
                   -----
             TOTAL     4


Core Cells         : 1740 of 24576 (7%)
IO Cells           : 4

  RAM/ROM Usage Summary
Block Rams : 0 of 32 (0%)

