FlashPro
Version: 11.9.0.4
Release: v11.9

Software Version: 11.9.0.4
PDB file 'C:\Users\YH\Desktop\RS422\RS4221106 - good\designer\impl1\buf_synthesis_1.pdb' has
been loaded successfully.
DESIGN : buf;  CHECKSUM : 7E23;  PDB_VERSION : 1.9
Driver : 3.0.0 build 1
programmer '03871' : FlashPro4
Opened 'C:\Users\YH\Desktop\RS422\RS4221106 -
good\designer\impl1\buf_synthesis_1_fp\buf_synthesis_1.pro'
PDB file 'C:\Users\YH\Desktop\RS422\RS4221106 - good\designer\impl1\buf_synthesis_1.pdb' has
been loaded successfully.
DESIGN : buf;  CHECKSUM : 7E23;  PDB_VERSION : 1.9
programmer '03871' : Scan Chain...
programmer '03871' : Scan Chain PASSED.
programmer '03871' : Executing action PROGRAM
programmer '03871' : EXPORT FSN[48] = 817e9f1c7868
programmer '03871' : Erase ...
programmer '03871' : Completed erase
programmer '03871' : EXPORT CHECKSUM[16] = 7e23
programmer '03871' : Programming FPGA Array
programmer '03871' : Verifying FPGA Array
programmer '03871' :         Verifying FPGA Array -- pass
programmer '03871' : Finished: Wed Nov 06 20:47:09 2024 (Elapsed time 00:00:59)
programmer '03871' : Executing action PROGRAM PASSED.

                        o - o - o - o - o - o

PDB file 'C:\Users\YH\Desktop\RS422\RS4221106 - good\designer\impl1\buf_synthesis_1.pdb' has
been loaded successfully.
DESIGN : buf;  CHECKSUM : 95DA;  PDB_VERSION : 1.9
programmer '03871' : Scan Chain...
programmer '03871' : Scan Chain PASSED.
programmer '03871' : Executing action PROGRAM
programmer '03871' : EXPORT FSN[48] = 817e9f1c7868
programmer '03871' : Erase ...
programmer '03871' : Completed erase
programmer '03871' : EXPORT CHECKSUM[16] = 95da
programmer '03871' : Programming FPGA Array
programmer '03871' : Verifying FPGA Array
programmer '03871' :         Verifying FPGA Array -- pass
programmer '03871' : Finished: Wed Nov 06 21:07:46 2024 (Elapsed time 00:00:58)
programmer '03871' : Executing action PROGRAM PASSED.

                        o - o - o - o - o - o

PDB file 'C:\Users\YH\Desktop\new\rs422code\designer\impl1\uart_top_test.pdb' has been loaded
successfully.
DESIGN : uart_top_test;  CHECKSUM : 2B96;  PDB_VERSION : 1.9
programmer '03871' : Scan Chain...
programmer '03871' : Scan Chain PASSED.
programmer '03871' : Executing action PROGRAM
programmer '03871' : EXPORT FSN[48] = 817e9f1c7868
programmer '03871' : Erase ...
programmer '03871' : Completed erase
programmer '03871' : EXPORT CHECKSUM[16] = 2b96
programmer '03871' : Programming FPGA Array
programmer '03871' : Verifying FPGA Array
programmer '03871' :         Verifying FPGA Array -- pass
programmer '03871' : Finished: Wed Nov 06 21:10:54 2024 (Elapsed time 00:00:58)
programmer '03871' : Executing action PROGRAM PASSED.

                        o - o - o - o - o - o

PDB file 'C:\Users\YH\Desktop\new\rs422code\designer\impl1\uart_top_test.pdb' has been loaded
successfully.
DESIGN : uart_top_test;  CHECKSUM : C9DB;  PDB_VERSION : 1.9
programmer '03871' : Scan Chain...
programmer '03871' : Scan Chain PASSED.
programmer '03871' : Executing action PROGRAM
programmer '03871' : EXPORT FSN[48] = 817e9f1c7868
programmer '03871' : Erase ...
programmer '03871' : Completed erase
programmer '03871' : EXPORT CHECKSUM[16] = c9db
programmer '03871' : Programming FPGA Array
programmer '03871' : Verifying FPGA Array
programmer '03871' :         Verifying FPGA Array -- pass
programmer '03871' : Finished: Wed Nov 06 21:24:25 2024 (Elapsed time 00:00:57)
programmer '03871' : Executing action PROGRAM PASSED.

                        o - o - o - o - o - o

PDB file 'C:\Users\YH\Desktop\RS422\RS4221106 - good\designer\impl1\buf_synthesis_1.pdb' has
been loaded successfully.
DESIGN : buf;  CHECKSUM : 20F5;  PDB_VERSION : 1.9
programmer '03871' : Scan Chain...
programmer '03871' : Scan Chain PASSED.
programmer '03871' : Executing action PROGRAM
programmer '03871' : EXPORT FSN[48] = 817e9f1c7868
programmer '03871' : Erase ...
programmer '03871' : Completed erase
programmer '03871' : EXPORT CHECKSUM[16] = 20f5
programmer '03871' : Programming FPGA Array
programmer '03871' : Verifying FPGA Array
programmer '03871' :         Verifying FPGA Array -- pass
programmer '03871' : Finished: Wed Nov 06 21:52:48 2024 (Elapsed time 00:00:57)
programmer '03871' : Executing action PROGRAM PASSED.

                        o - o - o - o - o - o

Warning: Project 'buf_synthesis_1' has been modified. Do you want to save it? [YES]
Project saved.
Project closed.
