
Starting:    D:\libero11.9\SynplifyPro\bin64\mbin\synbatch.exe
Install:     D:\libero11.9\SynplifyPro
Hostname:    LAPTOP-4PVSALH1
Date:        Wed Nov 06 15:16:45 2024
Version:     L-2016.09M-SP1-5

Arguments:   -product synplify_pro -licensetype synplifypro_actel -batch -log synplify.log buf_syn.tcl
ProductType: synplify_pro

License checkout: synplifypro_actel
License: synplifypro_actel node-locked 
Licensed Vendor: actel
License Option: actel_oem

Running in Vendor Mode


auto_infer_blackbox is not supported in current product.

log file: "C:\Users\YH\Desktop\RS422\RS4221106\synthesis\buf.srr"

Running: synthesis in foreground



Running buf_syn|synthesis


Running: compile (Compile) on buf_syn|synthesis
# Wed Nov 06 15:16:45 2024


Running: compile_flow (Compile Process) on buf_syn|synthesis
# Wed Nov 06 15:16:45 2024


Running: compiler (Compile Input) on buf_syn|synthesis
# Wed Nov 06 15:16:45 2024

Copied C:\Users\YH\Desktop\RS422\RS4221106\synthesis\synwork\buf_comp.srs to C:\Users\YH\Desktop\RS422\RS4221106\synthesis\buf.srs


compiler completed
# Wed Nov 06 15:16:47 2024

Return Code: 0
Run Time:00h:00m:02s


Running: multi_srs_gen (Multi-srs Generator) on buf_syn|synthesis
# Wed Nov 06 15:16:47 2024


multi_srs_gen completed
# Wed Nov 06 15:16:47 2024

Return Code: 0
Run Time:00h:00m:00s

Copied C:\Users\YH\Desktop\RS422\RS4221106\synthesis\synwork\buf_mult.srs to C:\Users\YH\Desktop\RS422\RS4221106\synthesis\buf.srs

Complete: Compile Process on buf_syn|synthesis


Running: premap (Pre-mapping) on buf_syn|synthesis
# Wed Nov 06 15:16:47 2024


premap completed with warnings
# Wed Nov 06 15:16:47 2024

Return Code: 1
Run Time:00h:00m:00s

Complete: Compile on buf_syn|synthesis


Running: map (Map) on buf_syn|synthesis
# Wed Nov 06 15:16:47 2024

License granted for 4 parallel jobs


Running: fpga_mapper (Map & Optimize) on buf_syn|synthesis
# Wed Nov 06 15:16:47 2024

Copied C:\Users\YH\Desktop\RS422\RS4221106\synthesis\synwork\buf_m.srm to C:\Users\YH\Desktop\RS422\RS4221106\synthesis\buf.srm


fpga_mapper completed with warnings
# Wed Nov 06 15:16:56 2024

Return Code: 1
Run Time:00h:00m:09s

Complete: Map on buf_syn|synthesis

Complete: Logic Synthesis on buf_syn|synthesis

TCL script complete: "buf_syn.tcl"

exit status=0

exit status=0

License checkin: synplifypro_actel

