Microsemi Libero Software
Version: 11.9.0.4
Release: v11.9

Info: The design buf_synthesis_1.adb was last modified by software version 11.9.0.4.
Opened an existing Libero design buf_synthesis_1.adb.
'BA_NAME' set to 'buf_ba'
'IDE_DESIGNERVIEW_NAME' set to 'Impl1'
'IDE_DESIGNERVIEW_COUNT' set to '1'
'IDE_DESIGNERVIEW_REV0' set to 'Impl1'
'IDE_DESIGNERVIEW_REVNUM0' set to '1'
'IDE_DESIGNERVIEW_ROOTDIR' set to 'C:\Users\YH\Desktop\RS422\RS4221107\designer'
'IDE_DESIGNERVIEW_LASTREV' set to '1'
Wrote timing report to file: buf_maxdelay_timing_report.txt

The Report command succeeded ( 00:00:04 )
Wrote timing report to file: buf_mindelay_timing_report.txt

The Report command succeeded ( 00:00:00 )
Wrote timing_violations report to file: buf_maxdelay_timingviolations_report.txt

The Report command succeeded ( 00:00:00 )
Wrote timing_violations report to file: buf_mindelay_timingviolations_report.txt

The Report command succeeded ( 00:00:00 )
Design saved to file C:\Users\YH\Desktop\RS422\RS4221107\designer\impl1\buf_synthesis_1.adb.

The Execute Script command succeeded ( 00:00:05 )
Design closed.

