Microsemi Libero Software
Version: 11.9.0.4
Release: v11.9

Info: The design C:\Users\YH\Desktop\RS422\RS4221107\designer\impl1\buf_synthesis_1.adb was last
      modified by software version 11.9.0.4.
Opened an existing Libero design
C:\Users\YH\Desktop\RS422\RS4221107\designer\impl1\buf_synthesis_1.adb.
'BA_NAME' set to 'buf_ba'
'KEEP_EXISTING_PHYSICAL_CONSTRAINTS' set to '1'
'SDC_IMPORT_MERGE' set to '1'
'IDE_DESIGNERVIEW_NAME' set to 'Impl1'
'IDE_DESIGNERVIEW_COUNT' set to '1'
'IDE_DESIGNERVIEW_REV0' set to 'Impl1'
'IDE_DESIGNERVIEW_REVNUM0' set to '1'
'IDE_DESIGNERVIEW_ROOTDIR' set to 'C:\Users\YH\Desktop\RS422\RS4221107\designer'
'IDE_DESIGNERVIEW_LASTREV' set to '1'

The Execute Script command succeeded ( 00:00:00 )
Checking for software updates...
Info: The software cannot reach the Microsemi SoC server to confirm the version you are running.
      Visit
      http://www.microsemi.com/products/fpga-soc/design-resources/design-software/libero-soc#do\
      wnloads to download the latest major release or service pack.
      You can check the version of your current installation by starting the tool and selecting
      Help -> About.
Warning: Files
          C:\Users\YH\Desktop\RS422\RS4221107\designer\impl1\buf_synthesis_1_ba.sdf
          C:\Users\YH\Desktop\RS422\RS4221107\designer\impl1\buf_synthesis_1_ba.vhd
         already exist.
         Do you want to replace the files? [YES]
Back-annotated to the file(s):
   .\buf_synthesis_1_ba.sdf
   .\buf_synthesis_1_ba.vhd

The Back-Annotate command succeeded ( 00:00:02 )
Design saved to file C:\Users\YH\Desktop\RS422\RS4221107\designer\impl1\buf_synthesis_1.adb.
Wrote pin report to file:
C:\Users\YH\Desktop\RS422\RS4221107\designer\impl1\buf_report_pin_byname.txt

The Report command succeeded ( 00:00:01 )
Wrote pin report to file:
C:\Users\YH\Desktop\RS422\RS4221107\designer\impl1\buf_report_pin_bynumber.txt

The Report command succeeded ( 00:00:00 )

The Execute Script command succeeded ( 00:00:01 )
Design closed.

