
Starting:    D:\libero11.9\SynplifyPro\bin64\mbin\synbatch.exe
Install:     D:\libero11.9\SynplifyPro
Hostname:    LAPTOP-4PVSALH1
Date:        Fri Nov 29 08:40:51 2024
Version:     L-2016.09M-SP1-5

Arguments:   -product synplify_pro -licensetype synplifypro_actel -batch -log synplify.log Top_AD_syn.tcl
ProductType: synplify_pro

License checkout: synplifypro_actel
License: synplifypro_actel node-locked 
Licensed Vendor: actel
License Option: actel_oem

Running in Vendor Mode


auto_infer_blackbox is not supported in current product.

log file: "D:\Awork\AD\AD574-11.28\synthesis\Top_AD.srr"

Running: synthesis in foreground



Running Top_AD_syn|synthesis


Running: compile (Compile) on Top_AD_syn|synthesis
# Fri Nov 29 08:40:51 2024


Running: compile_flow (Compile Process) on Top_AD_syn|synthesis
# Fri Nov 29 08:40:51 2024


Running: compiler (Compile Input) on Top_AD_syn|synthesis
# Fri Nov 29 08:40:51 2024

Copied D:\Awork\AD\AD574-11.28\synthesis\synwork\Top_AD_comp.srs to D:\Awork\AD\AD574-11.28\synthesis\Top_AD.srs


compiler completed
# Fri Nov 29 08:40:53 2024

Return Code: 0
Run Time:00h:00m:02s


Running: multi_srs_gen (Multi-srs Generator) on Top_AD_syn|synthesis
# Fri Nov 29 08:40:53 2024


multi_srs_gen completed
# Fri Nov 29 08:40:53 2024

Return Code: 0
Run Time:00h:00m:00s

Copied D:\Awork\AD\AD574-11.28\synthesis\synwork\Top_AD_mult.srs to D:\Awork\AD\AD574-11.28\synthesis\Top_AD.srs

Complete: Compile Process on Top_AD_syn|synthesis


Running: premap (Pre-mapping) on Top_AD_syn|synthesis
# Fri Nov 29 08:40:54 2024


premap completed with warnings
# Fri Nov 29 08:40:55 2024

Return Code: 1
Run Time:00h:00m:02s

Complete: Compile on Top_AD_syn|synthesis


Running: map (Map) on Top_AD_syn|synthesis
# Fri Nov 29 08:40:55 2024

License granted for 4 parallel jobs


Running: fpga_mapper (Map & Optimize) on Top_AD_syn|synthesis
# Fri Nov 29 08:40:55 2024

Copied D:\Awork\AD\AD574-11.28\synthesis\synwork\Top_AD_m.srm to D:\Awork\AD\AD574-11.28\synthesis\Top_AD.srm


fpga_mapper completed with warnings
# Fri Nov 29 08:41:01 2024

Return Code: 1
Run Time:00h:00m:06s

Complete: Map on Top_AD_syn|synthesis

Complete: Logic Synthesis on Top_AD_syn|synthesis

TCL script complete: "Top_AD_syn.tcl"

exit status=0

exit status=0

License checkin: synplifypro_actel

