<<<<<<< HEAD
D:\libero11.9\SynplifyPro\bin64\m_proasic.exe  -mp  4  -prjfile  C:\Users\YH\Desktop\RS422\RS4221107\synthesis\scratchproject.prs  -implementation  synthesis  -prodtype  synplify_pro   -encrypt  -pro  -rundir  C:\Users\YH\Desktop\RS422\RS4221107\synthesis   -part A3P1000  -package PQFP208  -grade STD    -maxfan 24 -globalthreshold 50 -opcond COMWC -report_path 4000 -RWCheckOnRam 0 -summaryfile C:\Users\YH\Desktop\RS422\RS4221107\synthesis\synlog\report\single_recive_premap.xml  -top_level_module  work.single_recive  -oedif  C:\Users\YH\Desktop\RS422\RS4221107\synthesis\single_recive.edn  -conchk_prepass  C:\Users\YH\Desktop\RS422\RS4221107\synthesis\single_recive_cck.rpt   -freq 100.000   C:\Users\YH\Desktop\RS422\RS4221107\synthesis\synwork\single_recive_mult.srs  -flow prepass  -gcc_prepass  -osrd  C:\Users\YH\Desktop\RS422\RS4221107\synthesis\synwork\single_recive_prem.srd  -qsap  C:\Users\YH\Desktop\RS422\RS4221107\synthesis\single_recive.sap  -devicelib  D:\libero11.9\SynplifyPro\lib\proasic\proasic3.v  -ologparam  C:\Users\YH\Desktop\RS422\RS4221107\synthesis\syntmp\single_recive.plg  -osyn  C:\Users\YH\Desktop\RS422\RS4221107\synthesis\synwork\single_recive_prem.srd  -prjdir  C:\Users\YH\Desktop\RS422\RS4221107\synthesis\  -prjname  single_recive_syn  -log  C:\Users\YH\Desktop\RS422\RS4221107\synthesis\synlog\single_recive_premap.srr 
relcom:D:\libero11.9\SynplifyPro\bin64\m_proasic.exe -mp 4 -prjfile ..\scratchproject.prs -implementation synthesis -prodtype synplify_pro -encrypt -pro -rundir ..\..\synthesis -part A3P1000 -package PQFP208 -grade STD -maxfan 24 -globalthreshold 50 -opcond COMWC -report_path 4000 -RWCheckOnRam 0 -summaryfile ..\synlog\report\single_recive_premap.xml -top_level_module work.single_recive -oedif ..\single_recive.edn -conchk_prepass ..\single_recive_cck.rpt -freq 100.000 ..\synwork\single_recive_mult.srs -flow prepass -gcc_prepass -osrd ..\synwork\single_recive_prem.srd -qsap ..\single_recive.sap -devicelib D:\libero11.9\SynplifyPro\lib\proasic\proasic3.v -ologparam single_recive.plg -osyn ..\synwork\single_recive_prem.srd -prjdir ..\ -prjname single_recive_syn -log ..\synlog\single_recive_premap.srr
rc:1 success:1 runtime:3
file:..\scratchproject.prs|io:o|time:1730964685|size:1756|exec:0|csum:
file:..\single_recive.edn|io:o|time:0|size:0|exec:0|csum:
file:..\single_recive_cck.rpt|io:o|time:1730964692|size:20291|exec:0|csum:
file:..\synwork\single_recive_mult.srs|io:i|time:1730964690|size:3370|exec:0|csum:2605D1B85D44D429EB012BBFA5C4F76D
file:..\synwork\single_recive_prem.srd|io:o|time:1730964692|size:4924|exec:0|csum:
file:..\single_recive.sap|io:o|time:1730964692|size:535|exec:0|csum:
file:D:\libero11.9\SynplifyPro\lib\proasic\proasic3.v|io:i|time:1508984288|size:49355|exec:0|csum:8134F444E2143EC94271A46B5CC33DA2
file:single_recive.plg|io:o|time:1730964692|size:0|exec:0|csum:
file:..\synwork\single_recive_prem.srd|io:o|time:1730964692|size:4924|exec:0|csum:
file:..\synlog\single_recive_premap.srr|io:o|time:1730964692|size:2985|exec:0|csum:
file:D:\libero11.9\SynplifyPro\bin\m_proasic.exe|io:i|time:1509330672|size:11119104|exec:1|csum:6BD6E9876645BB1B346C655471A0D71C
file:D:\libero11.9\SynplifyPro\bin64\m_proasic.exe|io:i|time:1509332086|size:14301696|exec:1|csum:CA7B630F1194A591FA1E520688EE75E2
=======
D:\libero11.9\SynplifyPro\bin64\m_proasic.exe  -mp  4  -prjfile  D:\Awork\AD\AD574-11.28\synthesis\scratchproject.prs  -implementation  synthesis  -prodtype  synplify_pro   -encrypt  -pro  -rundir  D:\Awork\AD\AD574-11.28\synthesis   -part A3P1000  -package PQFP208  -grade STD    -maxfan 24 -globalthreshold 50 -opcond COMWC -report_path 4000 -RWCheckOnRam 0 -summaryfile D:\Awork\AD\AD574-11.28\synthesis\synlog\report\Top_AD_premap.xml  -top_level_module  work.Top_AD  -oedif  D:\Awork\AD\AD574-11.28\synthesis\Top_AD.edn  -conchk_prepass  D:\Awork\AD\AD574-11.28\synthesis\Top_AD_cck.rpt   -freq 100.000   D:\Awork\AD\AD574-11.28\synthesis\synwork\Top_AD_mult.srs  -flow prepass  -gcc_prepass  -osrd  D:\Awork\AD\AD574-11.28\synthesis\synwork\Top_AD_prem.srd  -qsap  D:\Awork\AD\AD574-11.28\synthesis\Top_AD.sap  -devicelib  D:\libero11.9\SynplifyPro\lib\proasic\proasic3.v  -ologparam  D:\Awork\AD\AD574-11.28\synthesis\syntmp\Top_AD.plg  -osyn  D:\Awork\AD\AD574-11.28\synthesis\synwork\Top_AD_prem.srd  -prjdir  D:\Awork\AD\AD574-11.28\synthesis\  -prjname  Top_AD_syn  -log  D:\Awork\AD\AD574-11.28\synthesis\synlog\Top_AD_premap.srr 
relcom:..\..\..\..\..\libero11.9\SynplifyPro\bin64\m_proasic.exe -mp 4 -prjfile ..\scratchproject.prs -implementation synthesis -prodtype synplify_pro -encrypt -pro -rundir ..\..\synthesis -part A3P1000 -package PQFP208 -grade STD -maxfan 24 -globalthreshold 50 -opcond COMWC -report_path 4000 -RWCheckOnRam 0 -summaryfile ..\synlog\report\Top_AD_premap.xml -top_level_module work.Top_AD -oedif ..\Top_AD.edn -conchk_prepass ..\Top_AD_cck.rpt -freq 100.000 ..\synwork\Top_AD_mult.srs -flow prepass -gcc_prepass -osrd ..\synwork\Top_AD_prem.srd -qsap ..\Top_AD.sap -devicelib ..\..\..\..\..\libero11.9\SynplifyPro\lib\proasic\proasic3.v -ologparam Top_AD.plg -osyn ..\synwork\Top_AD_prem.srd -prjdir ..\ -prjname Top_AD_syn -log ..\synlog\Top_AD_premap.srr
rc:1 success:1 runtime:2
file:..\scratchproject.prs|io:o|time:1732840851|size:2107|exec:0|csum:
file:..\Top_AD.edn|io:o|time:1732792363|size:861622|exec:0|csum:
file:..\Top_AD_cck.rpt|io:o|time:1732840855|size:20603|exec:0|csum:
file:..\synwork\Top_AD_mult.srs|io:i|time:1732840853|size:4505|exec:0|csum:65F2CDB20D9ECF6BEDD2C7F84276A2DE
file:..\synwork\Top_AD_prem.srd|io:o|time:1732840855|size:45099|exec:0|csum:
file:..\Top_AD.sap|io:o|time:1732840855|size:1417|exec:0|csum:
file:..\..\..\..\..\libero11.9\SynplifyPro\lib\proasic\proasic3.v|io:i|time:1508984288|size:49355|exec:0|csum:8134F444E2143EC94271A46B5CC33DA2
file:Top_AD.plg|io:o|time:1732840854|size:0|exec:0|csum:
file:..\synwork\Top_AD_prem.srd|io:o|time:1732840855|size:45099|exec:0|csum:
file:..\synlog\Top_AD_premap.srr|io:o|time:1732840855|size:8636|exec:0|csum:
file:..\..\..\..\..\libero11.9\SynplifyPro\bin\m_proasic.exe|io:i|time:1509330672|size:11119104|exec:1|csum:6BD6E9876645BB1B346C655471A0D71C
file:..\..\..\..\..\libero11.9\SynplifyPro\bin64\m_proasic.exe|io:i|time:1509332086|size:14301696|exec:1|csum:CA7B630F1194A591FA1E520688EE75E2
>>>>>>> 375bdb8bba5d3b34f07e1b77324114d3b21280b5
