# Synopsys Constraint Checker(syntax only), version mapact, Build 2172R, built Oct 30 2017
# Copyright (C) 1994-2017 Synopsys, Inc. This Synopsys software and all associated documentation are proprietary to Synopsys, Inc. and may only be used pursuant to the terms and conditions of a written license agreement with Synopsys, Inc. All other use, reproduction, modification, or distribution of the Synopsys software or the associated documentation is strictly prohibited.

# Written on Mon Nov 11 09:03:54 2024


##### DESIGN INFO #######################################################

Top View:                "buf"
Constraint File(s):      "C:\Users\YH\Desktop\RS422\RS4221107\synthesis\synthesis_1\instr_sources\syn_dics.sdc"

#Run constraint checker to find more issues with constraints.
#########################################################################



No issues found in constraint syntax.



Clock Summary
*************

Start                                                Requested     Requested     Clock        Clock                    Clock
Clock                                                Frequency     Period        Type         Group                    Load 
----------------------------------------------------------------------------------------------------------------------------
buf|atck                                             100.0 MHz     10.000        inferred     Inferred_clkgroup_2      1    
buf|sys_clk                                          100.0 MHz     10.000        inferred     Inferred_clkgroup_0      842  
ident_coreinst.comm_block_INST.dr2_tck               1.0 MHz       1000.000      declared     identify_jtag_group1     8    
jtag_interface_x|b9_nv_oQwfYF                        100.0 MHz     10.000        inferred     Inferred_clkgroup_4      9    
jtag_interface_x|b10_8Kz_rKlrtX                      100.0 MHz     10.000        inferred     Inferred_clkgroup_3      8    
jtag_interface_x|identify_clk_int_inferred_clock     100.0 MHz     10.000        inferred     Inferred_clkgroup_1      657  
============================================================================================================================
