Target Part: A3P1000_PQFP208_STD
Report for cell buf.architecture_buf
  Core Cell usage:
              cell count     area count*area
              AND2     6      1.0        6.0
              AND3    24      1.0       24.0
               AO1   120      1.0      120.0
              AO1A    10      1.0       10.0
              AO1B     1      1.0        1.0
              AO1D    21      1.0       21.0
              AOI1    22      1.0       22.0
             AOI1B    13      1.0       13.0
               AX1     6      1.0        6.0
              AX1A     1      1.0        1.0
              AX1C     7      1.0        7.0
              AX1E     1      1.0        1.0
            CLKINT     4      0.0        0.0
               GND     3      0.0        0.0
               INV     2      1.0        2.0
               MX2     4      1.0        4.0
              MX2B     1      1.0        1.0
              MX2C     1      1.0        1.0
              NOR2   101      1.0      101.0
             NOR2A   104      1.0      104.0
             NOR2B   233      1.0      233.0
              NOR3   118      1.0      118.0
             NOR3A    86      1.0       86.0
             NOR3B    83      1.0       83.0
             NOR3C    97      1.0       97.0
               OA1     1      1.0        1.0
              OA1A     1      1.0        1.0
              OA1B    19      1.0       19.0
              OA1C    93      1.0       93.0
              OAI1     1      1.0        1.0
               OR2    17      1.0       17.0
              OR2A    32      1.0       32.0
              OR2B    11      1.0       11.0
               OR3    54      1.0       54.0
              OR3A     7      1.0        7.0
              OR3B     9      1.0        9.0
              OR3C     4      1.0        4.0
               VCC     3      0.0        0.0
               XA1     8      1.0        8.0
              XA1A     4      1.0        4.0
              XA1B    19      1.0       19.0
              XA1C    43      1.0       43.0
             XNOR2     4      1.0        4.0
              XOR2    59      1.0       59.0


            DFN1C0    54      1.0       54.0
          DFN1E0C0   214      1.0      214.0
          DFN1E0P0     2      1.0        2.0
          DFN1E1C0    41      1.0       41.0
            DFN1P0     2      1.0        2.0
                   -----          ----------
             TOTAL  1771              1761.0


  IO Cell usage:
              cell count
            CLKBUF     2
             INBUF     1
            OUTBUF     2
                   -----
             TOTAL     5


Core Cells         : 1761 of 24576 (7%)
IO Cells           : 5

  RAM/ROM Usage Summary
Block Rams : 0 of 32 (0%)

