Software Version: 11.9.0.4
creating folder: C:\Users\YH\Desktop\RS422\RS4221107\designer\impl1\single_recive_fp
Driver : 3.0.0 build 1
programmer '03871' : FlashPro4
Created new project
'C:\Users\YH\Desktop\RS422\RS4221107\designer\impl1\single_recive_fp\single_recive.pro'
PDB file 'C:\Users\YH\Desktop\RS422\RS4221107\designer\impl1\single_recive.pdb' has been loaded
successfully.
DESIGN : single_recive;  CHECKSUM : 6FAC;  PDB_VERSION : 1.9
PDB file 'C:\Users\YH\Desktop\RS422\RS4221107\designer\impl1\buf_synthesis_1.pdb' has been
loaded successfully.
DESIGN : buf;  CHECKSUM : 20F5;  PDB_VERSION : 1.9
programmer '03871' : Scan Chain...
programmer '03871' : Scan Chain PASSED.
programmer '03871' : Executing action PROGRAM
programmer '03871' : EXPORT FSN[48] = 817e9f1c7868
programmer '03871' : Erase ...
programmer '03871' : Completed erase
programmer '03871' : EXPORT CHECKSUM[16] = 20f5
programmer '03871' : Programming FPGA Array
programmer '03871' : Verifying FPGA Array
programmer '03871' :         Verifying FPGA Array -- pass
programmer '03871' : Finished: Thu Nov 07 15:34:51 2024 (Elapsed time 00:00:59)
programmer '03871' : Executing action PROGRAM PASSED.

                        o - o - o - o - o - o

PDB file 'C:\Users\YH\Desktop\rs4221107\rs422code\designer\impl1\uart_top_test.pdb' has been
loaded successfully.
DESIGN : uart_top_test;  CHECKSUM : D20D;  PDB_VERSION : 1.9
programmer '03871' : Scan Chain...
programmer '03871' : Scan Chain PASSED.
programmer '03871' : Executing action PROGRAM
programmer '03871' : EXPORT FSN[48] = 817e9f1c7868
programmer '03871' : Erase ...
programmer '03871' : Completed erase
programmer '03871' : EXPORT CHECKSUM[16] = d20d
programmer '03871' : Programming FPGA Array
programmer '03871' : Verifying FPGA Array
programmer '03871' :         Verifying FPGA Array -- pass
programmer '03871' : Finished: Thu Nov 07 15:52:22 2024 (Elapsed time 00:00:57)
programmer '03871' : Executing action PROGRAM PASSED.

                        o - o - o - o - o - o

Warning: Project 'single_recive' has been modified. Do you want to save it? [NO]
Project closed.
