Target Part: A3P1000_PQFP208_STD
Report for cell buf.architecture_buf
  Core Cell usage:
              cell count     area count*area
              AND2    16      1.0       16.0
              AND3    24      1.0       24.0
               AO1    80      1.0       80.0
              AO1A    63      1.0       63.0
              AO1B     1      1.0        1.0
              AO1D    68      1.0       68.0
              AOI1    15      1.0       15.0
             AOI1B    28      1.0       28.0
               AX1     2      1.0        2.0
              AX1A     1      1.0        1.0
              AX1C     8      1.0        8.0
              BUFF     2      1.0        2.0
            CLKINT     5      0.0        0.0
               GND    22      0.0        0.0
               INV     4      1.0        4.0
               MX2   251      1.0      251.0
              MX2C     2      1.0        2.0
              NOR2    88      1.0       88.0
             NOR2A   157      1.0      157.0
             NOR2B   169      1.0      169.0
              NOR3    58      1.0       58.0
             NOR3A    67      1.0       67.0
             NOR3B    81      1.0       81.0
             NOR3C   147      1.0      147.0
               OA1    19      1.0       19.0
              OA1A     2      1.0        2.0
              OA1B    42      1.0       42.0
              OA1C    79      1.0       79.0
              OAI1     1      1.0        1.0
               OR2    68      1.0       68.0
              OR2A    23      1.0       23.0
              OR2B    15      1.0       15.0
               OR3    66      1.0       66.0
              OR3A    10      1.0       10.0
              OR3B    10      1.0       10.0
              OR3C     4      1.0        4.0
               VCC    22      0.0        0.0
               XA1     8      1.0        8.0
              XA1A     4      1.0        4.0
              XA1B    44      1.0       44.0
              XA1C    18      1.0       18.0
             XNOR2     3      1.0        3.0
               XO1    12      1.0       12.0
              XOR2    59      1.0       59.0


              DFN1   406      1.0      406.0
            DFN1C0    53      1.0       53.0
            DFN1C1    19      1.0       19.0
            DFN1E0    19      1.0       19.0
          DFN1E0C0   206      1.0      206.0
          DFN1E0C1   167      1.0      167.0
          DFN1E0P0     2      1.0        2.0
          DFN1E0P1     1      1.0        1.0
            DFN1E1   245      1.0      245.0
          DFN1E1C0    59      1.0       59.0
          DFN1E1C1    13      1.0       13.0
            DFN1P0     2      1.0        2.0
            DFN1P1     1      1.0        1.0
         RAM512X18     9      0.0        0.0
                   -----          ----------
             TOTAL  3070              3012.0


  IO Cell usage:
              cell count
            CLKBUF     2
             INBUF     1
            OUTBUF     2
             UJTAG     1
                   -----
             TOTAL     6


Core Cells         : 3012 of 24576 (12%)
IO Cells           : 6

  RAM/ROM Usage Summary
Block Rams : 9 of 32 (28%)

